android/app/build/intermediates/manifest_merge_blame_file/debug/processDebugMainManifest/manifest-merger-blame-debug-report.txt
1<?xml version="1.0" encoding="utf-8"?>
2<manifest xmlns:android="http://schemas.android.com/apk/res/android"
3    package="com.example.secure_share"
4    android:versionCode="1"
5    android:versionName="1.0.0" >
6
7    <uses-sdk
8        android:minSdkVersion="24"
9        android:targetSdkVersion="34" />
10    <!--
11         The INTERNET permission is required for development. Specifically,
12         the Flutter tool needs it to communicate with the running application
13         to allow setting breakpoints, to provide hot reload, etc.
14    -->
15    <uses-permission android:name="android.permission.INTERNET" />
15-->src/main/AndroidManifest.xml:4:5-66
15-->src/main/AndroidManifest.xml:4:22-64
16    <uses-permission android:name="android.permission.ACCESS_NETWORK_STATE" />
16-->src/main/AndroidManifest.xml:5:5-78
16-->src/main/AndroidManifest.xml:5:22-76
17    <uses-permission android:name="android.permission.WAKE_LOCK" />
17-->src/main/AndroidManifest.xml:6:5-67
17-->src/main/AndroidManifest.xml:6:22-65
18    <uses-permission
18-->src/main/AndroidManifest.xml:7:5-79
19        android:name="android.permission.READ_EXTERNAL_STORAGE"
19-->src/main/AndroidManifest.xml:7:22-77
20        android:maxSdkVersion="32" /> <!-- For Android 13+ -->
20-->[:file_picker] AndroidManifest.xml:9:9-35
21    <uses-permission android:name="android.permission.POST_NOTIFICATIONS" />
21-->src/main/AndroidManifest.xml:10:5-76
21-->src/main/AndroidManifest.xml:10:22-74
22
23    <queries>
23-->[:file_picker] AndroidManifest.xml:11:5-17:15
24        <intent>
24-->[:file_picker] AndroidManifest.xml:12:9-16:18
25            <action android:name="android.intent.action.GET_CONTENT" />
25-->[:file_picker] AndroidManifest.xml:13:13-72
25-->[:file_picker] AndroidManifest.xml:13:21-69
26
27            <data android:mimeType="*/*" />
27-->[:file_picker] AndroidManifest.xml:15:13-44
27-->[:file_picker] AndroidManifest.xml:15:19-41
28        </intent>
29    </queries>
30
31    <permission
31-->[androidx.core:core:1.17.0] AndroidManifest.xml:22:5-24:47
32        android:name="com.example.secure_share.DYNAMIC_RECEIVER_NOT_EXPORTED_PERMISSION"
32-->[androidx.core:core:1.17.0] AndroidManifest.xml:23:9-81
33        android:protectionLevel="signature" />
33-->[androidx.core:core:1.17.0] AndroidManifest.xml:24:9-44
34
35    <uses-permission android:name="com.example.secure_share.DYNAMIC_RECEIVER_NOT_EXPORTED_PERMISSION" />
35-->[androidx.core:core:1.17.0] AndroidManifest.xml:26:5-97
35-->[androidx.core:core:1.17.0] AndroidManifest.xml:26:22-94
36
37    <application
38        android:name="android.app.Application"
39        android:allowBackup="true"
40        android:appComponentFactory="androidx.core.app.CoreComponentFactory"
40-->[androidx.core:core:1.17.0] AndroidManifest.xml:28:18-86
41        android:debuggable="true"
42        android:extractNativeLibs="false"
43        android:icon="@mipmap/ic_launcher"
44        android:label="Secure Share"
45        android:roundIcon="@mipmap/ic_launcher_round"
46        android:theme="@style/LaunchTheme"
47        android:usesCleartextTraffic="true" >
48        <activity
49            android:name="com.example.secure_share.MainActivity"
50            android:configChanges="orientation|keyboardHidden|keyboard|screenSize|smallestScreenSize|locale|layoutDirection|fontScale|screenLayout|density|uiMode"
51            android:exported="true"
52            android:hardwareAccelerated="true"
53            android:launchMode="singleTop"
54            android:theme="@style/LaunchTheme"
55            android:windowSoftInputMode="adjustResize" >
56            <meta-data
57                android:name="io.flutter.embedding.android.NormalTheme"
58                android:resource="@style/NormalTheme" />
59            <meta-data
60                android:name="io.flutter.embedding.android.SplashScreenDrawable"
61                android:resource="@drawable/launch_background" />
62
63            <intent-filter>
64                <action android:name="android.intent.action.MAIN" />
65
66                <category android:name="android.intent.category.LAUNCHER" />
67            </intent-filter>
68
69            <!-- Share intent filter -->
70            <intent-filter>
71                <action android:name="android.intent.action.SEND" />
72
73                <category android:name="android.intent.category.DEFAULT" />
74
75                <data android:mimeType="text/plain" />
75-->[:file_picker] AndroidManifest.xml:15:13-44
75-->[:file_picker] AndroidManifest.xml:15:19-41
76            </intent-filter>
77
78            <!-- View intent filter -->
79            <intent-filter>
80                <action android:name="android.intent.action.VIEW" />
81
82                <category android:name="android.intent.category.DEFAULT" />
83                <category android:name="android.intent.category.BROWSABLE" />
84
85                <data android:scheme="secure-share" />
85-->[:file_picker] AndroidManifest.xml:15:13-44
86            </intent-filter>
87        </activity>
88
89        <meta-data
90            android:name="flutterEmbedding"
91            android:value="2" />
92        <!--
93           Declares a provider which allows us to store files to share in
94           '.../caches/share_plus' and grant the receiving action access
95        -->
96        <provider
96-->[:share_plus] AndroidManifest.xml:13:9-21:20
97            android:name="dev.fluttercommunity.plus.share.ShareFileProvider"
97-->[:share_plus] AndroidManifest.xml:14:13-77
98            android:authorities="com.example.secure_share.flutter.share_provider"
98-->[:share_plus] AndroidManifest.xml:15:13-74
99            android:exported="false"
99-->[:share_plus] AndroidManifest.xml:16:13-37
100            android:grantUriPermissions="true" >
100-->[:share_plus] AndroidManifest.xml:17:13-47
101            <meta-data
101-->[:share_plus] AndroidManifest.xml:18:13-20:68
102                android:name="android.support.FILE_PROVIDER_PATHS"
102-->[:share_plus] AndroidManifest.xml:19:17-67
103                android:resource="@xml/flutter_share_file_paths" />
103-->[:share_plus] AndroidManifest.xml:20:17-65
104        </provider>
105        <!--
106           This manifest declared broadcast receiver allows us to use an explicit
107           Intent when creating a PendingItent to be informed of the user's choice
108        -->
109        <receiver
109-->[:share_plus] AndroidManifest.xml:26:9-32:20
110            android:name="dev.fluttercommunity.plus.share.SharePlusPendingIntent"
110-->[:share_plus] AndroidManifest.xml:27:13-82
111            android:exported="false" >
111-->[:share_plus] AndroidManifest.xml:28:13-37
112            <intent-filter>
112-->[:share_plus] AndroidManifest.xml:29:13-31:29
113                <action android:name="EXTRA_CHOSEN_COMPONENT" />
113-->[:share_plus] AndroidManifest.xml:30:17-65
113-->[:share_plus] AndroidManifest.xml:30:25-62
114            </intent-filter>
115        </receiver>
116
117        <provider
117-->[:image_picker_android] AndroidManifest.xml:9:9-17:20
118            android:name="io.flutter.plugins.imagepicker.ImagePickerFileProvider"
118-->[:image_picker_android] AndroidManifest.xml:10:13-82
119            android:authorities="com.example.secure_share.flutter.image_provider"
119-->[:image_picker_android] AndroidManifest.xml:11:13-74
120            android:exported="false"
120-->[:image_picker_android] AndroidManifest.xml:12:13-37
121            android:grantUriPermissions="true" >
121-->[:image_picker_android] AndroidManifest.xml:13:13-47
122            <meta-data
122-->[:share_plus] AndroidManifest.xml:18:13-20:68
123                android:name="android.support.FILE_PROVIDER_PATHS"
123-->[:share_plus] AndroidManifest.xml:19:17-67
124                android:resource="@xml/flutter_image_picker_file_paths" />
124-->[:share_plus] AndroidManifest.xml:20:17-65
125        </provider> <!-- Trigger Google Play services to install the backported photo picker module. -->
126        <service
126-->[:image_picker_android] AndroidManifest.xml:19:9-31:19
127            android:name="com.google.android.gms.metadata.ModuleDependencies"
127-->[:image_picker_android] AndroidManifest.xml:20:13-78
128            android:enabled="false"
128-->[:image_picker_android] AndroidManifest.xml:21:13-36
129            android:exported="false" >
129-->[:image_picker_android] AndroidManifest.xml:22:13-37
130            <intent-filter>
130-->[:image_picker_android] AndroidManifest.xml:24:13-26:29
131                <action android:name="com.google.android.gms.metadata.MODULE_DEPENDENCIES" />
131-->[:image_picker_android] AndroidManifest.xml:25:17-94
131-->[:image_picker_android] AndroidManifest.xml:25:25-91
132            </intent-filter>
133
134            <meta-data
134-->[:image_picker_android] AndroidManifest.xml:28:13-30:36
135                android:name="photopicker_activity:0:required"
135-->[:image_picker_android] AndroidManifest.xml:29:17-63
136                android:value="" />
136-->[:image_picker_android] AndroidManifest.xml:30:17-33
137        </service>
138
139        <activity
139-->[:url_launcher_android] AndroidManifest.xml:8:9-11:74
140            android:name="io.flutter.plugins.urllauncher.WebViewActivity"
140-->[:url_launcher_android] AndroidManifest.xml:9:13-74
141            android:exported="false"
141-->[:url_launcher_android] AndroidManifest.xml:10:13-37
142            android:theme="@android:style/Theme.NoTitleBar.Fullscreen" />
142-->[:url_launcher_android] AndroidManifest.xml:11:13-71
143
144        <provider
144-->[androidx.emoji2:emoji2:1.2.0] AndroidManifest.xml:24:9-32:20
145            android:name="androidx.startup.InitializationProvider"
145-->[androidx.emoji2:emoji2:1.2.0] AndroidManifest.xml:25:13-67
146            android:authorities="com.example.secure_share.androidx-startup"
146-->[androidx.emoji2:emoji2:1.2.0] AndroidManifest.xml:26:13-68
147            android:exported="false" >
147-->[androidx.emoji2:emoji2:1.2.0] AndroidManifest.xml:27:13-37
148            <meta-data
148-->[androidx.emoji2:emoji2:1.2.0] AndroidManifest.xml:29:13-31:52
149                android:name="androidx.emoji2.text.EmojiCompatInitializer"
149-->[androidx.emoji2:emoji2:1.2.0] AndroidManifest.xml:30:17-75
150                android:value="androidx.startup" />
150-->[androidx.emoji2:emoji2:1.2.0] AndroidManifest.xml:31:17-49
151            <meta-data
151-->[androidx.lifecycle:lifecycle-process:2.7.0] AndroidManifest.xml:29:13-31:52
152                android:name="androidx.lifecycle.ProcessLifecycleInitializer"
152-->[androidx.lifecycle:lifecycle-process:2.7.0] AndroidManifest.xml:30:17-78
153                android:value="androidx.startup" />
153-->[androidx.lifecycle:lifecycle-process:2.7.0] AndroidManifest.xml:31:17-49
154            <meta-data
154-->[androidx.profileinstaller:profileinstaller:1.4.0] AndroidManifest.xml:29:13-31:52
155                android:name="androidx.profileinstaller.ProfileInstallerInitializer"
155-->[androidx.profileinstaller:profileinstaller:1.4.0] AndroidManifest.xml:30:17-85
156                android:value="androidx.startup" />
156-->[androidx.profileinstaller:profileinstaller:1.4.0] AndroidManifest.xml:31:17-49
157        </provider>
158
159        <uses-library
159-->[androidx.window:window:1.2.0] AndroidManifest.xml:23:9-25:40
160            android:name="androidx.window.extensions"
160-->[androidx.window:window:1.2.0] AndroidManifest.xml:24:13-54
161            android:required="false" />
161-->[androidx.window:window:1.2.0] AndroidManifest.xml:25:13-37
162        <uses-library
162-->[androidx.window:window:1.2.0] AndroidManifest.xml:26:9-28:40
163            android:name="androidx.window.sidecar"
163-->[androidx.window:window:1.2.0] AndroidManifest.xml:27:13-51
164            android:required="false" />
164-->[androidx.window:window:1.2.0] AndroidManifest.xml:28:13-37
165
166        <receiver
166-->[androidx.profileinstaller:profileinstaller:1.4.0] AndroidManifest.xml:34:9-52:20
167            android:name="androidx.profileinstaller.ProfileInstallReceiver"
167-->[androidx.profileinstaller:profileinstaller:1.4.0] AndroidManifest.xml:35:13-76
168            android:directBootAware="false"
168-->[androidx.profileinstaller:profileinstaller:1.4.0] AndroidManifest.xml:36:13-44
169            android:enabled="true"
169-->[androidx.profileinstaller:profileinstaller:1.4.0] AndroidManifest.xml:37:13-35
170            android:exported="true"
170-->[androidx.profileinstaller:profileinstaller:1.4.0] AndroidManifest.xml:38:13-36
171            android:permission="android.permission.DUMP" >
171-->[androidx.profileinstaller:profileinstaller:1.4.0] AndroidManifest.xml:39:13-57
172            <intent-filter>
172-->[androidx.profileinstaller:profileinstaller:1.4.0] AndroidManifest.xml:40:13-42:29
173                <action android:name="androidx.profileinstaller.action.INSTALL_PROFILE" />
173-->[androidx.profileinstaller:profileinstaller:1.4.0] AndroidManifest.xml:41:17-91
173-->[androidx.profileinstaller:profileinstaller:1.4.0] AndroidManifest.xml:41:25-88
174            </intent-filter>
175            <intent-filter>
175-->[androidx.profileinstaller:profileinstaller:1.4.0] AndroidManifest.xml:43:13-45:29
176                <action android:name="androidx.profileinstaller.action.SKIP_FILE" />
176-->[androidx.profileinstaller:profileinstaller:1.4.0] AndroidManifest.xml:44:17-85
176-->[androidx.profileinstaller:profileinstaller:1.4.0] AndroidManifest.xml:44:25-82
177            </intent-filter>
178            <intent-filter>
178-->[androidx.profileinstaller:profileinstaller:1.4.0] AndroidManifest.xml:46:13-48:29
179                <action android:name="androidx.profileinstaller.action.SAVE_PROFILE" />
179-->[androidx.profileinstaller:profileinstaller:1.4.0] AndroidManifest.xml:47:17-88
179-->[androidx.profileinstaller:profileinstaller:1.4.0] AndroidManifest.xml:47:25-85
180            </intent-filter>
181            <intent-filter>
181-->[androidx.profileinstaller:profileinstaller:1.4.0] AndroidManifest.xml:49:13-51:29
182                <action android:name="androidx.profileinstaller.action.BENCHMARK_OPERATION" />
182-->[androidx.profileinstaller:profileinstaller:1.4.0] AndroidManifest.xml:50:17-95
182-->[androidx.profileinstaller:profileinstaller:1.4.0] AndroidManifest.xml:50:25-92
183            </intent-filter>
184        </receiver>
185    </application>
186
187</manifest>